<?xml version="1.0" encoding="UTF-8"?>
<!-- Generated by org.testng.reporters.JUnitReportReporter -->
<testsuite skipped="0" hostname="DESKTOP-MCPFM27" name="lightbulbtest.AllMethodsPowerOFFTest" tests="1" failures="0" timestamp="04 Jun 2018 16:44:17 GMT" time="4.371" errors="0">
  <testcase name="getPowerOffWithValidHeader" time="4.371" classname="lightbulbtest.AllMethodsPowerOFFTest"/>
</testsuite> <!-- lightbulbtest.AllMethodsPowerOFFTest -->
