<?xml version="1.0" encoding="UTF-8"?>
<!-- Generated by org.testng.reporters.JUnitReportReporter -->
<testsuite skipped="0" hostname="DESKTOP-MCPFM27" name="lightbulbtest.AllMethodsTest" tests="1" failures="0" timestamp="04 Jun 2018 16:41:04 GMT" time="3.108" errors="0">
  <testcase name="getAllMethods" time="3.108" classname="lightbulbtest.AllMethodsTest"/>
</testsuite> <!-- lightbulbtest.AllMethodsTest -->
